# JRE version: OpenJDK Runtime Environment Temurin-17.0.12+7 (17.0.12+7) (build 17.0.12+7)
# Java VM: OpenJDK 64-Bit Server VM Temurin-17.0.12+7 (17.0.12+7, mixed mode, tiered, compressed oops, compressed class ptrs, parallel gc, windows-amd64)
GC Precious Log:
 CPUs: 12 total, 12 available
 Memory: 7914M
 Large Page Support: Disabled
 NUMA Support: Disabled
 Compressed Oops: Enabled (32-bit)
 Alignments: Space 512K, Generation 512K, Heap 2M
 Heap Min Capacity: 100M
 Heap Initial Capacity: 100M
 Heap Max Capacity: 1G
 Pre-touch: Disabled
 Parallel Workers: 10
Heap:
 PSYoungGen      total 5632K, used 1841K [0x00000000eab00000, 0x00000000eb180000, 0x0000000100000000)
  eden space 4608K, 26% used [0x00000000eab00000,0x00000000eac2f2b8,0x00000000eaf80000)
  from space 1024K, 61% used [0x00000000eaf80000,0x00000000eb01d4a0,0x00000000eb080000)
  to   space 1024K, 0% used [0x00000000eb080000,0x00000000eb080000,0x00000000eb180000)
 ParOldGen       total 239104K, used 207561K [0x00000000c0000000, 0x00000000ce980000, 0x00000000eab00000)
  object space 239104K, 86% used [0x00000000c0000000,0x00000000ccab24a8,0x00000000ce980000)
 Metaspace       used 79314K, committed 80640K, reserved 1179648K
  class space    used 9608K, committed 10240K, reserved 1048576K
GC Heap History (20 events):
Event: 211.984 GC heap before
{Heap before GC invocations=764 (full 18):
 PSYoungGen      total 6144K, used 5888K [0x00000000eab00000, 0x00000000eb200000, 0x0000000100000000)
  eden space 5120K, 100% used [0x00000000eab00000,0x00000000eb000000,0x00000000eb000000)
  from space 1024K, 75% used [0x00000000eb100000,0x00000000eb1c0000,0x00000000eb200000)
  to   space 1024K, 0% used [0x00000000eb000000,0x00000000eb000000,0x00000000eb100000)
 ParOldGen       total 239104K, used 199673K [0x00000000c0000000, 0x00000000ce980000, 0x00000000eab00000)
  object space 239104K, 83% used [0x00000000c0000000,0x00000000cc2fe4a0,0x00000000ce980000)
 Metaspace       used 79314K, committed 80640K, reserved 1179648K
  class space    used 9608K, committed 10240K, reserved 1048576K
}
Event: 211.985 GC heap after
{Heap after GC invocations=764 (full 18):
 PSYoungGen      total 6144K, used 862K [0x00000000eab00000, 0x00000000eb200000, 0x0000000100000000)
  eden space 5120K, 0% used [0x00000000eab00000,0x00000000eab00000,0x00000000eb000000)
  from space 1024K, 84% used [0x00000000eb000000,0x00000000eb0d7ab8,0x00000000eb100000)
  to   space 1024K, 0% used [0x00000000eb100000,0x00000000eb100000,0x00000000eb200000)
 ParOldGen       total 239104K, used 200361K [0x00000000c0000000, 0x00000000ce980000, 0x00000000eab00000)
  object space 239104K, 83% used [0x00000000c0000000,0x00000000cc3aa4a0,0x00000000ce980000)
 Metaspace       used 79314K, committed 80640K, reserved 1179648K
  class space    used 9608K, committed 10240K, reserved 1048576K
}
Event: 212.052 GC heap before
{Heap before GC invocations=765 (full 18):
 PSYoungGen      total 6144K, used 5982K [0x00000000eab00000, 0x00000000eb200000, 0x0000000100000000)
  eden space 5120K, 100% used [0x00000000eab00000,0x00000000eb000000,0x00000000eb000000)
  from space 1024K, 84% used [0x00000000eb000000,0x00000000eb0d7ab8,0x00000000eb100000)
  to   space 1024K, 0% used [0x00000000eb100000,0x00000000eb100000,0x00000000eb200000)
 ParOldGen       total 239104K, used 200361K [0x00000000c0000000, 0x00000000ce980000, 0x00000000eab00000)
  object space 239104K, 83% used [0x00000000c0000000,0x00000000cc3aa4a0,0x00000000ce980000)
 Metaspace       used 79314K, committed 80640K, reserved 1179648K
  class space    used 9608K, committed 10240K, reserved 1048576K
}
Event: 212.055 GC heap after
{Heap after GC invocations=765 (full 18):
 PSYoungGen      total 6144K, used 640K [0x00000000eab00000, 0x00000000eb200000, 0x0000000100000000)
  eden space 5120K, 0% used [0x00000000eab00000,0x00000000eab00000,0x00000000eb000000)
  from space 1024K, 62% used [0x00000000eb100000,0x00000000eb1a0000,0x00000000eb200000)
  to   space 1024K, 0% used [0x00000000eb000000,0x00000000eb000000,0x00000000eb100000)
 ParOldGen       total 239104K, used 201889K [0x00000000c0000000, 0x00000000ce980000, 0x00000000eab00000)
  object space 239104K, 84% used [0x00000000c0000000,0x00000000cc5284a8,0x00000000ce980000)
 Metaspace       used 79314K, committed 80640K, reserved 1179648K
  class space    used 9608K, committed 10240K, reserved 1048576K
}
Event: 212.080 GC heap before
{Heap before GC invocations=766 (full 18):
 PSYoungGen      total 6144K, used 5760K [0x00000000eab00000, 0x00000000eb200000, 0x0000000100000000)
  eden space 5120K, 100% used [0x00000000eab00000,0x00000000eb000000,0x00000000eb000000)
  from space 1024K, 62% used [0x00000000eb100000,0x00000000eb1a0000,0x00000000eb200000)
  to   space 1024K, 0% used [0x00000000eb000000,0x00000000eb000000,0x00000000eb100000)
 ParOldGen       total 239104K, used 201889K [0x00000000c0000000, 0x00000000ce980000, 0x00000000eab00000)
  object space 239104K, 84% used [0x00000000c0000000,0x00000000cc5284a8,0x00000000ce980000)
 Metaspace       used 79314K, committed 80640K, reserved 1179648K
  class space    used 9608K, committed 10240K, reserved 1048576K
}
Event: 212.085 GC heap after
{Heap after GC invocations=766 (full 18):
 PSYoungGen      total 6144K, used 768K [0x00000000eab00000, 0x00000000eb200000, 0x0000000100000000)
  eden space 5120K, 0% used [0x00000000eab00000,0x00000000eab00000,0x00000000eb000000)
  from space 1024K, 75% used [0x00000000eb000000,0x00000000eb0c0000,0x00000000eb100000)
  to   space 1024K, 0% used [0x00000000eb100000,0x00000000eb100000,0x00000000eb200000)
 ParOldGen       total 239104K, used 202449K [0x00000000c0000000, 0x00000000ce980000, 0x00000000eab00000)
  object space 239104K, 84% used [0x00000000c0000000,0x00000000cc5b44a8,0x00000000ce980000)
 Metaspace       used 79314K, committed 80640K, reserved 1179648K
  class space    used 9608K, committed 10240K, reserved 1048576K
}
Event: 212.110 GC heap before
{Heap before GC invocations=767 (full 18):
 PSYoungGen      total 6144K, used 5888K [0x00000000eab00000, 0x00000000eb200000, 0x0000000100000000)
  eden space 5120K, 100% used [0x00000000eab00000,0x00000000eb000000,0x00000000eb000000)
  from space 1024K, 75% used [0x00000000eb000000,0x00000000eb0c0000,0x00000000eb100000)
  to   space 1024K, 0% used [0x00000000eb100000,0x00000000eb100000,0x00000000eb200000)
 ParOldGen       total 239104K, used 202449K [0x00000000c0000000, 0x00000000ce980000, 0x00000000eab00000)
  object space 239104K, 84% used [0x00000000c0000000,0x00000000cc5b44a8,0x00000000ce980000)
 Metaspace       used 79314K, committed 80640K, reserved 1179648K
  class space    used 9608K, committed 10240K, reserved 1048576K
}
Event: 212.112 GC heap after
{Heap after GC invocations=767 (full 18):
 PSYoungGen      total 6144K, used 768K [0x00000000eab00000, 0x00000000eb200000, 0x0000000100000000)
  eden space 5120K, 0% used [0x00000000eab00000,0x00000000eab00000,0x00000000eb000000)
  from space 1024K, 75% used [0x00000000eb100000,0x00000000eb1c0000,0x00000000eb200000)
  to   space 1024K, 0% used [0x00000000eb000000,0x00000000eb000000,0x00000000eb100000)
 ParOldGen       total 239104K, used 203097K [0x00000000c0000000, 0x00000000ce980000, 0x00000000eab00000)
  object space 239104K, 84% used [0x00000000c0000000,0x00000000cc6564a8,0x00000000ce980000)
 Metaspace       used 79314K, committed 80640K, reserved 1179648K
  class space    used 9608K, committed 10240K, reserved 1048576K
}
Event: 212.151 GC heap before
{Heap before GC invocations=768 (full 18):
 PSYoungGen      total 6144K, used 5888K [0x00000000eab00000, 0x00000000eb200000, 0x0000000100000000)
  eden space 5120K, 100% used [0x00000000eab00000,0x00000000eb000000,0x00000000eb000000)
  from space 1024K, 75% used [0x00000000eb100000,0x00000000eb1c0000,0x00000000eb200000)
  to   space 1024K, 0% used [0x00000000eb000000,0x00000000eb000000,0x00000000eb100000)
 ParOldGen       total 239104K, used 203097K [0x00000000c0000000, 0x00000000ce980000, 0x00000000eab00000)
  object space 239104K, 84% used [0x00000000c0000000,0x00000000cc6564a8,0x00000000ce980000)
 Metaspace       used 79314K, committed 80640K, reserved 1179648K
  class space    used 9608K, committed 10240K, reserved 1048576K
}
Event: 212.153 GC heap after
{Heap after GC invocations=768 (full 18):
 PSYoungGen      total 6144K, used 800K [0x00000000eab00000, 0x00000000eb200000, 0x0000000100000000)
  eden space 5120K, 0% used [0x00000000eab00000,0x00000000eab00000,0x00000000eb000000)
  from space 1024K, 78% used [0x00000000eb000000,0x00000000eb0c8000,0x00000000eb100000)
  to   space 1024K, 0% used [0x00000000eb100000,0x00000000eb100000,0x00000000eb200000)
 ParOldGen       total 239104K, used 203745K [0x00000000c0000000, 0x00000000ce980000, 0x00000000eab00000)
  object space 239104K, 85% used [0x00000000c0000000,0x00000000cc6f84a8,0x00000000ce980000)
 Metaspace       used 79314K, committed 80640K, reserved 1179648K
  class space    used 9608K, committed 10240K, reserved 1048576K
}
Event: 212.186 GC heap before
{Heap before GC invocations=769 (full 18):
 PSYoungGen      total 6144K, used 5920K [0x00000000eab00000, 0x00000000eb200000, 0x0000000100000000)
  eden space 5120K, 100% used [0x00000000eab00000,0x00000000eb000000,0x00000000eb000000)
  from space 1024K, 78% used [0x00000000eb000000,0x00000000eb0c8000,0x00000000eb100000)
  to   space 1024K, 0% used [0x00000000eb100000,0x00000000eb100000,0x00000000eb200000)
 ParOldGen       total 239104K, used 203745K [0x00000000c0000000, 0x00000000ce980000, 0x00000000eab00000)
  object space 239104K, 85% used [0x00000000c0000000,0x00000000cc6f84a8,0x00000000ce980000)
 Metaspace       used 79314K, committed 80640K, reserved 1179648K
  class space    used 9608K, committed 10240K, reserved 1048576K
}
Event: 212.188 GC heap after
{Heap after GC invocations=769 (full 18):
 PSYoungGen      total 6144K, used 704K [0x00000000eab00000, 0x00000000eb200000, 0x0000000100000000)
  eden space 5120K, 0% used [0x00000000eab00000,0x00000000eab00000,0x00000000eb000000)
  from space 1024K, 68% used [0x00000000eb100000,0x00000000eb1b0000,0x00000000eb200000)
  to   space 1024K, 0% used [0x00000000eb000000,0x00000000eb000000,0x00000000eb100000)
 ParOldGen       total 239104K, used 204377K [0x00000000c0000000, 0x00000000ce980000, 0x00000000eab00000)
  object space 239104K, 85% used [0x00000000c0000000,0x00000000cc7964a8,0x00000000ce980000)
 Metaspace       used 79314K, committed 80640K, reserved 1179648K
  class space    used 9608K, committed 10240K, reserved 1048576K
}
Event: 212.236 GC heap before
{Heap before GC invocations=770 (full 18):
 PSYoungGen      total 6144K, used 5824K [0x00000000eab00000, 0x00000000eb200000, 0x0000000100000000)
  eden space 5120K, 100% used [0x00000000eab00000,0x00000000eb000000,0x00000000eb000000)
  from space 1024K, 68% used [0x00000000eb100000,0x00000000eb1b0000,0x00000000eb200000)
  to   space 1024K, 0% used [0x00000000eb000000,0x00000000eb000000,0x00000000eb100000)
 ParOldGen       total 239104K, used 204377K [0x00000000c0000000, 0x00000000ce980000, 0x00000000eab00000)
  object space 239104K, 85% used [0x00000000c0000000,0x00000000cc7964a8,0x00000000ce980000)
 Metaspace       used 79314K, committed 80640K, reserved 1179648K
  class space    used 9608K, committed 10240K, reserved 1048576K
}
Event: 212.238 GC heap after
{Heap after GC invocations=770 (full 18):
 PSYoungGen      total 6144K, used 800K [0x00000000eab00000, 0x00000000eb200000, 0x0000000100000000)
  eden space 5120K, 0% used [0x00000000eab00000,0x00000000eab00000,0x00000000eb000000)
  from space 1024K, 78% used [0x00000000eb000000,0x00000000eb0c8000,0x00000000eb100000)
  to   space 1024K, 0% used [0x00000000eb100000,0x00000000eb100000,0x00000000eb200000)
 ParOldGen       total 239104K, used 205009K [0x00000000c0000000, 0x00000000ce980000, 0x00000000eab00000)
  object space 239104K, 85% used [0x00000000c0000000,0x00000000cc8344a8,0x00000000ce980000)
 Metaspace       used 79314K, committed 80640K, reserved 1179648K
  class space    used 9608K, committed 10240K, reserved 1048576K
}
Event: 212.325 GC heap before
{Heap before GC invocations=771 (full 18):
 PSYoungGen      total 6144K, used 5920K [0x00000000eab00000, 0x00000000eb200000, 0x0000000100000000)
  eden space 5120K, 100% used [0x00000000eab00000,0x00000000eb000000,0x00000000eb000000)
  from space 1024K, 78% used [0x00000000eb000000,0x00000000eb0c8000,0x00000000eb100000)
  to   space 1024K, 0% used [0x00000000eb100000,0x00000000eb100000,0x00000000eb200000)
 ParOldGen       total 239104K, used 205009K [0x00000000c0000000, 0x00000000ce980000, 0x00000000eab00000)
  object space 239104K, 85% used [0x00000000c0000000,0x00000000cc8344a8,0x00000000ce980000)
 Metaspace       used 79314K, committed 80640K, reserved 1179648K
  class space    used 9608K, committed 10240K, reserved 1048576K
}
Event: 212.327 GC heap after
{Heap after GC invocations=771 (full 18):
 PSYoungGen      total 6144K, used 768K [0x00000000eab00000, 0x00000000eb200000, 0x0000000100000000)
  eden space 5120K, 0% used [0x00000000eab00000,0x00000000eab00000,0x00000000eb000000)
  from space 1024K, 75% used [0x00000000eb100000,0x00000000eb1c0000,0x00000000eb200000)
  to   space 1024K, 0% used [0x00000000eb000000,0x00000000eb000000,0x00000000eb100000)
 ParOldGen       total 239104K, used 205641K [0x00000000c0000000, 0x00000000ce980000, 0x00000000eab00000)
  object space 239104K, 86% used [0x00000000c0000000,0x00000000cc8d24a8,0x00000000ce980000)
 Metaspace       used 79314K, committed 80640K, reserved 1179648K
  class space    used 9608K, committed 10240K, reserved 1048576K
}
Event: 212.424 GC heap before
{Heap before GC invocations=772 (full 18):
 PSYoungGen      total 6144K, used 5888K [0x00000000eab00000, 0x00000000eb200000, 0x0000000100000000)
  eden space 5120K, 100% used [0x00000000eab00000,0x00000000eb000000,0x00000000eb000000)
  from space 1024K, 75% used [0x00000000eb100000,0x00000000eb1c0000,0x00000000eb200000)
  to   space 1024K, 0% used [0x00000000eb000000,0x00000000eb000000,0x00000000eb100000)
 ParOldGen       total 239104K, used 205641K [0x00000000c0000000, 0x00000000ce980000, 0x00000000eab00000)
  object space 239104K, 86% used [0x00000000c0000000,0x00000000cc8d24a8,0x00000000ce980000)
 Metaspace       used 79314K, committed 80640K, reserved 1179648K
  class space    used 9608K, committed 10240K, reserved 1048576K
}
Event: 212.425 GC heap after
{Heap after GC invocations=772 (full 18):
 PSYoungGen      total 6144K, used 736K [0x00000000eab00000, 0x00000000eb200000, 0x0000000100000000)
  eden space 5120K, 0% used [0x00000000eab00000,0x00000000eab00000,0x00000000eb000000)
  from space 1024K, 71% used [0x00000000eb000000,0x00000000eb0b8000,0x00000000eb100000)
  to   space 1024K, 0% used [0x00000000eb100000,0x00000000eb100000,0x00000000eb200000)
 ParOldGen       total 239104K, used 206273K [0x00000000c0000000, 0x00000000ce980000, 0x00000000eab00000)
  object space 239104K, 86% used [0x00000000c0000000,0x00000000cc9704a8,0x00000000ce980000)
 Metaspace       used 79314K, committed 80640K, reserved 1179648K
  class space    used 9608K, committed 10240K, reserved 1048576K
}
Event: 212.490 GC heap before
{Heap before GC invocations=773 (full 18):
 PSYoungGen      total 6144K, used 5856K [0x00000000eab00000, 0x00000000eb200000, 0x0000000100000000)
  eden space 5120K, 100% used [0x00000000eab00000,0x00000000eb000000,0x00000000eb000000)
  from space 1024K, 71% used [0x00000000eb000000,0x00000000eb0b8000,0x00000000eb100000)
  to   space 1024K, 0% used [0x00000000eb100000,0x00000000eb100000,0x00000000eb200000)
 ParOldGen       total 239104K, used 206273K [0x00000000c0000000, 0x00000000ce980000, 0x00000000eab00000)
  object space 239104K, 86% used [0x00000000c0000000,0x00000000cc9704a8,0x00000000ce980000)
 Metaspace       used 79314K, committed 80640K, reserved 1179648K
  class space    used 9608K, committed 10240K, reserved 1048576K
}
Event: 212.492 GC heap after
{Heap after GC invocations=773 (full 18):
 PSYoungGen      total 5632K, used 1024K [0x00000000eab00000, 0x00000000eb300000, 0x0000000100000000)
  eden space 4608K, 0% used [0x00000000eab00000,0x00000000eab00000,0x00000000eaf80000)
  from space 1024K, 100% used [0x00000000eb100000,0x00000000eb200000,0x00000000eb200000)
  to   space 1536K, 0% used [0x00000000eaf80000,0x00000000eaf80000,0x00000000eb100000)
 ParOldGen       total 239104K, used 206553K [0x00000000c0000000, 0x00000000ce980000, 0x00000000eab00000)
  object space 239104K, 86% used [0x00000000c0000000,0x00000000cc9b64a8,0x00000000ce980000)
 Metaspace       used 79314K, committed 80640K, reserved 1179648K
  class space    used 9608K, committed 10240K, reserved 1048576K
}

